<?xml version="1.0" encoding="UTF-8"?>
<robot generator="Robot 6.1.1 (Python 3.10.12 on linux)" generated="20241117 18:39:29.666" rpa="false" schemaversion="4">
<suite id="s1" name="Tests" source="/home/heinisam/Documents/Ohtu/palautusrepositorio/viikko3/web-login/src/tests">
<suite id="s1-s1" name="Home" source="/home/heinisam/Documents/Ohtu/palautusrepositorio/viikko3/web-login/src/tests/home.robot">
<kw name="Open And Configure Browser" library="resource" type="SETUP">
<if>
<branch type="IF" condition="$BROWSER == 'chrome'">
<kw name="Evaluate" library="BuiltIn">
<var>${options}</var>
<arg>sys.modules['selenium.webdriver'].ChromeOptions()</arg>
<arg>sys</arg>
<doc>Evaluates the given expression in Python and returns the result.</doc>
<status status="NOT RUN" starttime="20241117 18:39:29.801" endtime="20241117 18:39:29.801"/>
</kw>
<status status="NOT RUN" starttime="20241117 18:39:29.792" endtime="20241117 18:39:29.801"/>
</branch>
<branch type="ELSE IF" condition="$BROWSER == 'firefox'">
<kw name="Evaluate" library="BuiltIn">
<var>${options}</var>
<arg>sys.modules['selenium.webdriver'].FirefoxOptions()</arg>
<arg>sys</arg>
<doc>Evaluates the given expression in Python and returns the result.</doc>
<msg timestamp="20241117 18:39:29.802" level="INFO">${options} = &lt;selenium.webdriver.firefox.options.Options object at 0x710ad50cf580&gt;</msg>
<status status="PASS" starttime="20241117 18:39:29.801" endtime="20241117 18:39:29.802"/>
</kw>
<status status="PASS" starttime="20241117 18:39:29.801" endtime="20241117 18:39:29.802"/>
</branch>
<status status="PASS" starttime="20241117 18:39:29.792" endtime="20241117 18:39:29.802"/>
</if>
<if>
<branch type="IF" condition="$HEADLESS == 'true'">
<kw name="Set Selenium Speed" library="SeleniumLibrary">
<arg>0</arg>
<doc>Sets the delay that is waited after each Selenium command.</doc>
<status status="NOT RUN" starttime="20241117 18:39:29.802" endtime="20241117 18:39:29.802"/>
</kw>
<kw name="Call Method" library="BuiltIn">
<arg>${options}</arg>
<arg>add_argument</arg>
<arg>--headless</arg>
<doc>Calls the named method of the given object with the provided arguments.</doc>
<status status="NOT RUN" starttime="20241117 18:39:29.802" endtime="20241117 18:39:29.802"/>
</kw>
<status status="NOT RUN" starttime="20241117 18:39:29.802" endtime="20241117 18:39:29.802"/>
</branch>
<branch type="ELSE">
<kw name="Set Selenium Speed" library="SeleniumLibrary">
<arg>${DELAY}</arg>
<doc>Sets the delay that is waited after each Selenium command.</doc>
<status status="PASS" starttime="20241117 18:39:29.802" endtime="20241117 18:39:29.802"/>
</kw>
<status status="PASS" starttime="20241117 18:39:29.802" endtime="20241117 18:39:29.802"/>
</branch>
<status status="PASS" starttime="20241117 18:39:29.802" endtime="20241117 18:39:29.802"/>
</if>
<kw name="Open Browser" library="SeleniumLibrary">
<arg>browser=${BROWSER}</arg>
<arg>options=${options}</arg>
<doc>Opens a new browser instance to the optional ``url``.</doc>
<msg timestamp="20241117 18:39:29.803" level="INFO">Opening browser 'firefox' to base url 'None'.</msg>
<status status="PASS" starttime="20241117 18:39:29.802" endtime="20241117 18:39:31.156"/>
</kw>
<status status="PASS" starttime="20241117 18:39:29.792" endtime="20241117 18:39:31.157"/>
</kw>
<test id="s1-s1-t1" name="Click Login Link" line="8">
<kw name="Reset Application And Go To Starting Page" type="SETUP">
<kw name="Reset Application" library="AppLibrary">
<status status="PASS" starttime="20241117 18:39:31.157" endtime="20241117 18:39:31.161"/>
</kw>
<kw name="Go To Starting Page" library="resource">
<kw name="Go To" library="SeleniumLibrary">
<arg>${HOME_URL}</arg>
<doc>Navigates the current browser window to the provided ``url``.</doc>
<msg timestamp="20241117 18:39:31.162" level="INFO">Opening url 'http://localhost:5001'</msg>
<status status="PASS" starttime="20241117 18:39:31.162" endtime="20241117 18:39:31.779"/>
</kw>
<status status="PASS" starttime="20241117 18:39:31.162" endtime="20241117 18:39:31.779"/>
</kw>
<status status="PASS" starttime="20241117 18:39:31.157" endtime="20241117 18:39:31.779"/>
</kw>
<kw name="Click Link" library="SeleniumLibrary">
<arg>Login</arg>
<doc>Clicks a link identified by ``locator``.</doc>
<msg timestamp="20241117 18:39:31.781" level="INFO">Clicking link 'Login'.</msg>
<status status="PASS" starttime="20241117 18:39:31.780" endtime="20241117 18:39:33.384"/>
</kw>
<kw name="Login Page Should Be Open" library="resource">
<kw name="Title Should Be" library="SeleniumLibrary">
<arg>Login</arg>
<doc>Verifies that the current page title equals ``title``.</doc>
<msg timestamp="20241117 18:39:33.891" level="INFO">Page title is 'Login'.</msg>
<status status="PASS" starttime="20241117 18:39:33.385" endtime="20241117 18:39:33.891"/>
</kw>
<status status="PASS" starttime="20241117 18:39:33.384" endtime="20241117 18:39:33.891"/>
</kw>
<status status="PASS" starttime="20241117 18:39:31.157" endtime="20241117 18:39:33.892"/>
</test>
<test id="s1-s1-t2" name="Click Register Link" line="12">
<kw name="Reset Application And Go To Starting Page" type="SETUP">
<kw name="Reset Application" library="AppLibrary">
<status status="PASS" starttime="20241117 18:39:33.894" endtime="20241117 18:39:33.899"/>
</kw>
<kw name="Go To Starting Page" library="resource">
<kw name="Go To" library="SeleniumLibrary">
<arg>${HOME_URL}</arg>
<doc>Navigates the current browser window to the provided ``url``.</doc>
<msg timestamp="20241117 18:39:33.900" level="INFO">Opening url 'http://localhost:5001'</msg>
<status status="PASS" starttime="20241117 18:39:33.900" endtime="20241117 18:39:34.435"/>
</kw>
<status status="PASS" starttime="20241117 18:39:33.899" endtime="20241117 18:39:34.436"/>
</kw>
<status status="PASS" starttime="20241117 18:39:33.893" endtime="20241117 18:39:34.436"/>
</kw>
<kw name="Click Link" library="SeleniumLibrary">
<arg>Register new user</arg>
<doc>Clicks a link identified by ``locator``.</doc>
<msg timestamp="20241117 18:39:34.438" level="INFO">Clicking link 'Register new user'.</msg>
<status status="PASS" starttime="20241117 18:39:34.437" endtime="20241117 18:39:35.987"/>
</kw>
<kw name="Register Page Should Be Open" library="resource">
<kw name="Title Should Be" library="SeleniumLibrary">
<arg>Register</arg>
<doc>Verifies that the current page title equals ``title``.</doc>
<msg timestamp="20241117 18:39:36.494" level="INFO">Page title is 'Register'.</msg>
<status status="PASS" starttime="20241117 18:39:35.989" endtime="20241117 18:39:36.495"/>
</kw>
<status status="PASS" starttime="20241117 18:39:35.988" endtime="20241117 18:39:36.495"/>
</kw>
<status status="PASS" starttime="20241117 18:39:33.892" endtime="20241117 18:39:36.496"/>
</test>
<kw name="Close Browser" library="SeleniumLibrary" type="TEARDOWN">
<doc>Closes the current browser.</doc>
<status status="PASS" starttime="20241117 18:39:36.498" endtime="20241117 18:39:37.402"/>
</kw>
<status status="PASS" starttime="20241117 18:39:29.675" endtime="20241117 18:39:37.402"/>
</suite>
<suite id="s1-s2" name="Login" source="/home/heinisam/Documents/Ohtu/palautusrepositorio/viikko3/web-login/src/tests/login.robot">
<kw name="Open And Configure Browser" library="resource" type="SETUP">
<if>
<branch type="IF" condition="$BROWSER == 'chrome'">
<kw name="Evaluate" library="BuiltIn">
<var>${options}</var>
<arg>sys.modules['selenium.webdriver'].ChromeOptions()</arg>
<arg>sys</arg>
<doc>Evaluates the given expression in Python and returns the result.</doc>
<status status="NOT RUN" starttime="20241117 18:39:37.405" endtime="20241117 18:39:37.405"/>
</kw>
<status status="NOT RUN" starttime="20241117 18:39:37.405" endtime="20241117 18:39:37.405"/>
</branch>
<branch type="ELSE IF" condition="$BROWSER == 'firefox'">
<kw name="Evaluate" library="BuiltIn">
<var>${options}</var>
<arg>sys.modules['selenium.webdriver'].FirefoxOptions()</arg>
<arg>sys</arg>
<doc>Evaluates the given expression in Python and returns the result.</doc>
<msg timestamp="20241117 18:39:37.406" level="INFO">${options} = &lt;selenium.webdriver.firefox.options.Options object at 0x710ad51754e0&gt;</msg>
<status status="PASS" starttime="20241117 18:39:37.405" endtime="20241117 18:39:37.406"/>
</kw>
<status status="PASS" starttime="20241117 18:39:37.405" endtime="20241117 18:39:37.406"/>
</branch>
<status status="PASS" starttime="20241117 18:39:37.405" endtime="20241117 18:39:37.406"/>
</if>
<if>
<branch type="IF" condition="$HEADLESS == 'true'">
<kw name="Set Selenium Speed" library="SeleniumLibrary">
<arg>0</arg>
<doc>Sets the delay that is waited after each Selenium command.</doc>
<status status="NOT RUN" starttime="20241117 18:39:37.406" endtime="20241117 18:39:37.406"/>
</kw>
<kw name="Call Method" library="BuiltIn">
<arg>${options}</arg>
<arg>add_argument</arg>
<arg>--headless</arg>
<doc>Calls the named method of the given object with the provided arguments.</doc>
<status status="NOT RUN" starttime="20241117 18:39:37.406" endtime="20241117 18:39:37.406"/>
</kw>
<status status="NOT RUN" starttime="20241117 18:39:37.406" endtime="20241117 18:39:37.406"/>
</branch>
<branch type="ELSE">
<kw name="Set Selenium Speed" library="SeleniumLibrary">
<arg>${DELAY}</arg>
<doc>Sets the delay that is waited after each Selenium command.</doc>
<status status="PASS" starttime="20241117 18:39:37.406" endtime="20241117 18:39:37.406"/>
</kw>
<status status="PASS" starttime="20241117 18:39:37.406" endtime="20241117 18:39:37.406"/>
</branch>
<status status="PASS" starttime="20241117 18:39:37.406" endtime="20241117 18:39:37.406"/>
</if>
<kw name="Open Browser" library="SeleniumLibrary">
<arg>browser=${BROWSER}</arg>
<arg>options=${options}</arg>
<doc>Opens a new browser instance to the optional ``url``.</doc>
<msg timestamp="20241117 18:39:37.407" level="INFO">Opening browser 'firefox' to base url 'None'.</msg>
<status status="PASS" starttime="20241117 18:39:37.406" endtime="20241117 18:39:38.868"/>
</kw>
<status status="PASS" starttime="20241117 18:39:37.405" endtime="20241117 18:39:38.869"/>
</kw>
<test id="s1-s2-t1" name="Login With Correct Credentials" line="8">
<kw name="Reset Application Create User And Go To Login Page" type="SETUP">
<kw name="Reset Application" library="AppLibrary">
<status status="PASS" starttime="20241117 18:39:38.870" endtime="20241117 18:39:38.872"/>
</kw>
<kw name="Create User" library="AppLibrary">
<arg>kalle</arg>
<arg>kalle123</arg>
<status status="PASS" starttime="20241117 18:39:38.872" endtime="20241117 18:39:38.876"/>
</kw>
<kw name="Go To Login Page" library="resource">
<kw name="Go To" library="SeleniumLibrary">
<arg>${LOGIN_URL}</arg>
<doc>Navigates the current browser window to the provided ``url``.</doc>
<msg timestamp="20241117 18:39:38.877" level="INFO">Opening url 'http://localhost:5001/login'</msg>
<status status="PASS" starttime="20241117 18:39:38.877" endtime="20241117 18:39:39.498"/>
</kw>
<status status="PASS" starttime="20241117 18:39:38.876" endtime="20241117 18:39:39.499"/>
</kw>
<status status="PASS" starttime="20241117 18:39:38.869" endtime="20241117 18:39:39.499"/>
</kw>
<kw name="Set Username">
<arg>kalle</arg>
<kw name="Input Text" library="SeleniumLibrary">
<arg>username</arg>
<arg>${username}</arg>
<doc>Types the given ``text`` into the text field identified by ``locator``.</doc>
<msg timestamp="20241117 18:39:39.501" level="INFO">Typing text 'kalle' into text field 'username'.</msg>
<status status="PASS" starttime="20241117 18:39:39.500" endtime="20241117 18:39:41.079"/>
</kw>
<status status="PASS" starttime="20241117 18:39:39.499" endtime="20241117 18:39:41.079"/>
</kw>
<kw name="Set Password">
<arg>kalle123</arg>
<kw name="Input Password" library="SeleniumLibrary">
<arg>password</arg>
<arg>${password}</arg>
<doc>Types the given password into the text field identified by ``locator``.</doc>
<msg timestamp="20241117 18:39:41.082" level="INFO">Typing password into text field 'password'.</msg>
<msg timestamp="20241117 18:39:42.097" level="INFO">Temporally setting log level to: NONE</msg>
<msg timestamp="20241117 18:39:42.613" level="INFO">Log level changed from NONE to INFO.</msg>
<status status="PASS" starttime="20241117 18:39:41.081" endtime="20241117 18:39:42.613"/>
</kw>
<status status="PASS" starttime="20241117 18:39:41.080" endtime="20241117 18:39:42.613"/>
</kw>
<kw name="Submit Credentials">
<kw name="Click Button" library="SeleniumLibrary">
<arg>Login</arg>
<doc>Clicks the button identified by ``locator``.</doc>
<msg timestamp="20241117 18:39:42.614" level="INFO">Clicking button 'Login'.</msg>
<status status="PASS" starttime="20241117 18:39:42.614" endtime="20241117 18:39:44.703"/>
</kw>
<status status="PASS" starttime="20241117 18:39:42.613" endtime="20241117 18:39:44.703"/>
</kw>
<kw name="Login Should Succeed">
<kw name="Main Page Should Be Open" library="resource">
<kw name="Title Should Be" library="SeleniumLibrary">
<arg>Ohtu Application main page</arg>
<doc>Verifies that the current page title equals ``title``.</doc>
<msg timestamp="20241117 18:39:45.209" level="INFO">Page title is 'Ohtu Application main page'.</msg>
<status status="PASS" starttime="20241117 18:39:44.705" endtime="20241117 18:39:45.210"/>
</kw>
<status status="PASS" starttime="20241117 18:39:44.704" endtime="20241117 18:39:45.210"/>
</kw>
<status status="PASS" starttime="20241117 18:39:44.704" endtime="20241117 18:39:45.210"/>
</kw>
<status status="PASS" starttime="20241117 18:39:38.869" endtime="20241117 18:39:45.211"/>
</test>
<test id="s1-s2-t2" name="Login With Incorrect Password" line="14">
<kw name="Reset Application Create User And Go To Login Page" type="SETUP">
<kw name="Reset Application" library="AppLibrary">
<status status="PASS" starttime="20241117 18:39:45.214" endtime="20241117 18:39:45.219"/>
</kw>
<kw name="Create User" library="AppLibrary">
<arg>kalle</arg>
<arg>kalle123</arg>
<status status="PASS" starttime="20241117 18:39:45.219" endtime="20241117 18:39:45.226"/>
</kw>
<kw name="Go To Login Page" library="resource">
<kw name="Go To" library="SeleniumLibrary">
<arg>${LOGIN_URL}</arg>
<doc>Navigates the current browser window to the provided ``url``.</doc>
<msg timestamp="20241117 18:39:45.227" level="INFO">Opening url 'http://localhost:5001/login'</msg>
<status status="PASS" starttime="20241117 18:39:45.227" endtime="20241117 18:39:45.769"/>
</kw>
<status status="PASS" starttime="20241117 18:39:45.227" endtime="20241117 18:39:45.769"/>
</kw>
<status status="PASS" starttime="20241117 18:39:45.213" endtime="20241117 18:39:45.769"/>
</kw>
<kw name="Set Username">
<arg>kalle</arg>
<kw name="Input Text" library="SeleniumLibrary">
<arg>username</arg>
<arg>${username}</arg>
<doc>Types the given ``text`` into the text field identified by ``locator``.</doc>
<msg timestamp="20241117 18:39:45.770" level="INFO">Typing text 'kalle' into text field 'username'.</msg>
<status status="PASS" starttime="20241117 18:39:45.769" endtime="20241117 18:39:47.315"/>
</kw>
<status status="PASS" starttime="20241117 18:39:45.769" endtime="20241117 18:39:47.315"/>
</kw>
<kw name="Set Password">
<arg>kalle456</arg>
<kw name="Input Password" library="SeleniumLibrary">
<arg>password</arg>
<arg>${password}</arg>
<doc>Types the given password into the text field identified by ``locator``.</doc>
<msg timestamp="20241117 18:39:47.318" level="INFO">Typing password into text field 'password'.</msg>
<msg timestamp="20241117 18:39:48.337" level="INFO">Temporally setting log level to: NONE</msg>
<msg timestamp="20241117 18:39:48.856" level="INFO">Log level changed from NONE to INFO.</msg>
<status status="PASS" starttime="20241117 18:39:47.317" endtime="20241117 18:39:48.856"/>
</kw>
<status status="PASS" starttime="20241117 18:39:47.316" endtime="20241117 18:39:48.856"/>
</kw>
<kw name="Submit Credentials">
<kw name="Click Button" library="SeleniumLibrary">
<arg>Login</arg>
<doc>Clicks the button identified by ``locator``.</doc>
<msg timestamp="20241117 18:39:48.857" level="INFO">Clicking button 'Login'.</msg>
<status status="PASS" starttime="20241117 18:39:48.857" endtime="20241117 18:39:50.936"/>
</kw>
<status status="PASS" starttime="20241117 18:39:48.856" endtime="20241117 18:39:50.936"/>
</kw>
<kw name="Login Should Fail With Message">
<arg>Invalid username or password</arg>
<kw name="Login Page Should Be Open" library="resource">
<kw name="Title Should Be" library="SeleniumLibrary">
<arg>Login</arg>
<doc>Verifies that the current page title equals ``title``.</doc>
<msg timestamp="20241117 18:39:51.445" level="INFO">Page title is 'Login'.</msg>
<status status="PASS" starttime="20241117 18:39:50.938" endtime="20241117 18:39:51.445"/>
</kw>
<status status="PASS" starttime="20241117 18:39:50.938" endtime="20241117 18:39:51.446"/>
</kw>
<kw name="Page Should Contain" library="SeleniumLibrary">
<arg>${message}</arg>
<doc>Verifies that current page contains ``text``.</doc>
<msg timestamp="20241117 18:39:52.463" level="INFO">Current page contains text 'Invalid username or password'.</msg>
<status status="PASS" starttime="20241117 18:39:51.446" endtime="20241117 18:39:52.463"/>
</kw>
<status status="PASS" starttime="20241117 18:39:50.937" endtime="20241117 18:39:52.464"/>
</kw>
<status status="PASS" starttime="20241117 18:39:45.212" endtime="20241117 18:39:52.465"/>
</test>
<kw name="Close Browser" library="SeleniumLibrary" type="TEARDOWN">
<doc>Closes the current browser.</doc>
<status status="PASS" starttime="20241117 18:39:52.467" endtime="20241117 18:39:53.381"/>
</kw>
<status status="PASS" starttime="20241117 18:39:37.403" endtime="20241117 18:39:53.381"/>
</suite>
<status status="PASS" starttime="20241117 18:39:29.666" endtime="20241117 18:39:53.384"/>
</suite>
<statistics>
<total>
<stat pass="4" fail="0" skip="0">All Tests</stat>
</total>
<tag>
</tag>
<suite>
<stat pass="4" fail="0" skip="0" id="s1" name="Tests">Tests</stat>
<stat pass="2" fail="0" skip="0" id="s1-s1" name="Home">Tests.Home</stat>
<stat pass="2" fail="0" skip="0" id="s1-s2" name="Login">Tests.Login</stat>
</suite>
</statistics>
<errors>
</errors>
</robot>
